{"/Users/dragoscirjan/ws/github.com-dragoscirjan/configs/src/apps/browsers.ts": {"path":"/Users/dragoscirjan/ws/github.com-dragoscirjan/configs/src/apps/browsers.ts","statementMap":{"0":{"start":{"line":2,"column":0},"end":{"line":2,"column":62}},"1":{"start":{"line":3,"column":20},"end":{"line":3,"column":47}},"2":{"start":{"line":4,"column":17},"end":{"line":69,"column":1}},"3":{"start":{"line":70,"column":0},"end":{"line":70,"column":27}}},"fnMap":{},"branchMap":{},"s":{"0":1,"1":1,"2":1,"3":1},"f":{},"b":{},"_coverageSchema":"1a1c01bbd47fc00a2c39e90264f33305004495a9","hash":"b68120f7f37b2f895136d48854d60c5cef72b8f5"}
,"/Users/dragoscirjan/ws/github.com-dragoscirjan/configs/src/lib/installer.ts": {"path":"/Users/dragoscirjan/ws/github.com-dragoscirjan/configs/src/lib/installer.ts","statementMap":{"0":{"start":{"line":2,"column":0},"end":{"line":2,"column":62}},"1":{"start":{"line":3,"column":0},"end":{"line":3,"column":179}},"2":{"start":{"line":4,"column":16},"end":{"line":4,"column":34}},"3":{"start":{"line":5,"column":13},"end":{"line":5,"column":26}},"4":{"start":{"line":6,"column":17},"end":{"line":6,"column":36}},"5":{"start":{"line":7,"column":27},"end":{"line":15,"column":2}},"6":{"start":{"line":7,"column":48},"end":{"line":15,"column":1}},"7":{"start":{"line":10,"column":23},"end":{"line":10,"column":54}},"8":{"start":{"line":11,"column":8},"end":{"line":13,"column":11}},"9":{"start":{"line":16,"column":0},"end":{"line":16,"column":48}},"10":{"start":{"line":17,"column":30},"end":{"line":25,"column":2}},"11":{"start":{"line":17,"column":51},"end":{"line":25,"column":1}},"12":{"start":{"line":20,"column":23},"end":{"line":20,"column":58}},"13":{"start":{"line":21,"column":8},"end":{"line":23,"column":11}},"14":{"start":{"line":26,"column":0},"end":{"line":26,"column":54}},"15":{"start":{"line":27,"column":28},"end":{"line":50,"column":2}},"16":{"start":{"line":27,"column":49},"end":{"line":50,"column":1}},"17":{"start":{"line":30,"column":23},"end":{"line":30,"column":55}},"18":{"start":{"line":31,"column":8},"end":{"line":48,"column":9}},"19":{"start":{"line":32,"column":12},"end":{"line":34,"column":15}},"20":{"start":{"line":37,"column":12},"end":{"line":47,"column":13}},"21":{"start":{"line":38,"column":16},"end":{"line":38,"column":101}},"22":{"start":{"line":40,"column":16},"end":{"line":40,"column":99}},"23":{"start":{"line":41,"column":16},"end":{"line":43,"column":19}},"24":{"start":{"line":46,"column":16},"end":{"line":46,"column":24}},"25":{"start":{"line":51,"column":0},"end":{"line":51,"column":50}},"26":{"start":{"line":52,"column":29},"end":{"line":62,"column":2}},"27":{"start":{"line":52,"column":50},"end":{"line":62,"column":1}},"28":{"start":{"line":55,"column":20},"end":{"line":55,"column":21}},"29":{"start":{"line":56,"column":23},"end":{"line":56,"column":56}},"30":{"start":{"line":57,"column":8},"end":{"line":60,"column":9}},"31":{"start":{"line":58,"column":12},"end":{"line":58,"column":135}},"32":{"start":{"line":59,"column":12},"end":{"line":59,"column":20}},"33":{"start":{"line":63,"column":0},"end":{"line":63,"column":52}},"34":{"start":{"line":64,"column":22},"end":{"line":82,"column":1}},"35":{"start":{"line":65,"column":25},"end":{"line":65,"column":106}},"36":{"start":{"line":65,"column":62},"end":{"line":65,"column":105}},"37":{"start":{"line":66,"column":4},"end":{"line":81,"column":5}},"38":{"start":{"line":67,"column":8},"end":{"line":74,"column":9}},"39":{"start":{"line":68,"column":12},"end":{"line":73,"column":13}},"40":{"start":{"line":69,"column":16},"end":{"line":69,"column":47}},"41":{"start":{"line":77,"column":32},"end":{"line":77,"column":99}},"42":{"start":{"line":77,"column":67},"end":{"line":77,"column":98}},"43":{"start":{"line":78,"column":8},"end":{"line":80,"column":9}},"44":{"start":{"line":79,"column":12},"end":{"line":79,"column":49}},"45":{"start":{"line":83,"column":0},"end":{"line":83,"column":38}},"46":{"start":{"line":84,"column":24},"end":{"line":88,"column":1}},"47":{"start":{"line":85,"column":4},"end":{"line":87,"column":5}},"48":{"start":{"line":86,"column":8},"end":{"line":86,"column":54}},"49":{"start":{"line":89,"column":0},"end":{"line":89,"column":42}}},"fnMap":{"0":{"name":"(anonymous_0)","decl":{"start":{"line":7,"column":27},"end":{"line":7,"column":28}},"loc":{"start":{"line":7,"column":48},"end":{"line":15,"column":1}},"line":7},"1":{"name":"(anonymous_1)","decl":{"start":{"line":9,"column":11},"end":{"line":9,"column":12}},"loc":{"start":{"line":9,"column":29},"end":{"line":14,"column":5}},"line":9},"2":{"name":"(anonymous_2)","decl":{"start":{"line":17,"column":30},"end":{"line":17,"column":31}},"loc":{"start":{"line":17,"column":51},"end":{"line":25,"column":1}},"line":17},"3":{"name":"(anonymous_3)","decl":{"start":{"line":19,"column":11},"end":{"line":19,"column":12}},"loc":{"start":{"line":19,"column":29},"end":{"line":24,"column":5}},"line":19},"4":{"name":"(anonymous_4)","decl":{"start":{"line":27,"column":28},"end":{"line":27,"column":29}},"loc":{"start":{"line":27,"column":49},"end":{"line":50,"column":1}},"line":27},"5":{"name":"(anonymous_5)","decl":{"start":{"line":29,"column":11},"end":{"line":29,"column":12}},"loc":{"start":{"line":29,"column":29},"end":{"line":49,"column":5}},"line":29},"6":{"name":"(anonymous_6)","decl":{"start":{"line":52,"column":29},"end":{"line":52,"column":30}},"loc":{"start":{"line":52,"column":50},"end":{"line":62,"column":1}},"line":52},"7":{"name":"(anonymous_7)","decl":{"start":{"line":54,"column":11},"end":{"line":54,"column":12}},"loc":{"start":{"line":54,"column":29},"end":{"line":61,"column":5}},"line":54},"8":{"name":"(anonymous_8)","decl":{"start":{"line":64,"column":22},"end":{"line":64,"column":23}},"loc":{"start":{"line":64,"column":45},"end":{"line":82,"column":1}},"line":64},"9":{"name":"(anonymous_9)","decl":{"start":{"line":65,"column":47},"end":{"line":65,"column":48}},"loc":{"start":{"line":65,"column":62},"end":{"line":65,"column":105}},"line":65},"10":{"name":"(anonymous_10)","decl":{"start":{"line":77,"column":52},"end":{"line":77,"column":53}},"loc":{"start":{"line":77,"column":67},"end":{"line":77,"column":98}},"line":77},"11":{"name":"(anonymous_11)","decl":{"start":{"line":84,"column":24},"end":{"line":84,"column":25}},"loc":{"start":{"line":84,"column":48},"end":{"line":88,"column":1}},"line":84}},"branchMap":{"0":{"loc":{"start":{"line":11,"column":66},"end":{"line":11,"column":98}},"type":"cond-expr","locations":[{"start":{"line":11,"column":75},"end":{"line":11,"column":93}},{"start":{"line":11,"column":96},"end":{"line":11,"column":98}}],"line":11},"1":{"loc":{"start":{"line":11,"column":125},"end":{"line":11,"column":135}},"type":"binary-expr","locations":[{"start":{"line":11,"column":125},"end":{"line":11,"column":129}},{"start":{"line":11,"column":133},"end":{"line":11,"column":135}}],"line":11},"2":{"loc":{"start":{"line":21,"column":55},"end":{"line":21,"column":87}},"type":"cond-expr","locations":[{"start":{"line":21,"column":64},"end":{"line":21,"column":66}},{"start":{"line":21,"column":69},"end":{"line":21,"column":87}}],"line":21},"3":{"loc":{"start":{"line":21,"column":107},"end":{"line":21,"column":117}},"type":"binary-expr","locations":[{"start":{"line":21,"column":107},"end":{"line":21,"column":111}},{"start":{"line":21,"column":115},"end":{"line":21,"column":117}}],"line":21},"4":{"loc":{"start":{"line":32,"column":61},"end":{"line":32,"column":86}},"type":"cond-expr","locations":[{"start":{"line":32,"column":70},"end":{"line":32,"column":81}},{"start":{"line":32,"column":84},"end":{"line":32,"column":86}}],"line":32},"5":{"loc":{"start":{"line":32,"column":106},"end":{"line":32,"column":116}},"type":"binary-expr","locations":[{"start":{"line":32,"column":106},"end":{"line":32,"column":110}},{"start":{"line":32,"column":114},"end":{"line":32,"column":116}}],"line":32},"6":{"loc":{"start":{"line":37,"column":12},"end":{"line":47,"column":13}},"type":"if","locations":[{"start":{"line":37,"column":12},"end":{"line":47,"column":13}},{"start":{"line":45,"column":17},"end":{"line":47,"column":13}}],"line":37},"7":{"loc":{"start":{"line":41,"column":65},"end":{"line":41,"column":90}},"type":"cond-expr","locations":[{"start":{"line":41,"column":74},"end":{"line":41,"column":85}},{"start":{"line":41,"column":88},"end":{"line":41,"column":90}}],"line":41},"8":{"loc":{"start":{"line":41,"column":110},"end":{"line":41,"column":120}},"type":"binary-expr","locations":[{"start":{"line":41,"column":110},"end":{"line":41,"column":114}},{"start":{"line":41,"column":118},"end":{"line":41,"column":120}}],"line":41},"9":{"loc":{"start":{"line":58,"column":61},"end":{"line":58,"column":86}},"type":"cond-expr","locations":[{"start":{"line":58,"column":70},"end":{"line":58,"column":81}},{"start":{"line":58,"column":84},"end":{"line":58,"column":86}}],"line":58},"10":{"loc":{"start":{"line":58,"column":93},"end":{"line":58,"column":103}},"type":"binary-expr","locations":[{"start":{"line":58,"column":93},"end":{"line":58,"column":97}},{"start":{"line":58,"column":101},"end":{"line":58,"column":103}}],"line":58},"11":{"loc":{"start":{"line":66,"column":4},"end":{"line":81,"column":5}},"type":"if","locations":[{"start":{"line":66,"column":4},"end":{"line":81,"column":5}},{"start":{"line":76,"column":9},"end":{"line":81,"column":5}}],"line":66},"12":{"loc":{"start":{"line":78,"column":8},"end":{"line":80,"column":9}},"type":"if","locations":[{"start":{"line":78,"column":8},"end":{"line":80,"column":9}},{"start":{},"end":{}}],"line":78}},"s":{"0":1,"1":1,"2":1,"3":1,"4":1,"5":1,"6":3,"7":2,"8":2,"9":1,"10":1,"11":1,"12":0,"13":0,"14":1,"15":1,"16":7,"17":1,"18":1,"19":1,"20":0,"21":0,"22":0,"23":0,"24":0,"25":1,"26":1,"27":2,"28":0,"29":0,"30":0,"31":0,"32":0,"33":1,"34":1,"35":1,"36":4,"37":1,"38":1,"39":1,"40":1,"41":0,"42":0,"43":0,"44":0,"45":1,"46":1,"47":0,"48":0,"49":1},"f":{"0":3,"1":2,"2":1,"3":0,"4":7,"5":1,"6":2,"7":0,"8":1,"9":4,"10":0,"11":0},"b":{"0":[1,1],"1":[2,2],"2":[0,0],"3":[0,0],"4":[0,1],"5":[1,1],"6":[0,0],"7":[0,0],"8":[0,0],"9":[0,0],"10":[0,0],"11":[1,0],"12":[0,0]},"_coverageSchema":"1a1c01bbd47fc00a2c39e90264f33305004495a9","hash":"7dd12b82f9574bdb3d7b051fc83f8176287ff288"}
,"/Users/dragoscirjan/ws/github.com-dragoscirjan/configs/src/lib/logger.ts": {"path":"/Users/dragoscirjan/ws/github.com-dragoscirjan/configs/src/lib/logger.ts","statementMap":{"0":{"start":{"line":2,"column":0},"end":{"line":2,"column":62}},"1":{"start":{"line":3,"column":0},"end":{"line":3,"column":24}},"2":{"start":{"line":4,"column":16},"end":{"line":4,"column":34}},"3":{"start":{"line":5,"column":0},"end":{"line":12,"column":3}}},"fnMap":{},"branchMap":{"0":{"loc":{"start":{"line":6,"column":11},"end":{"line":6,"column":42}},"type":"binary-expr","locations":[{"start":{"line":6,"column":11},"end":{"line":6,"column":32}},{"start":{"line":6,"column":36},"end":{"line":6,"column":42}}],"line":6}},"s":{"0":1,"1":1,"2":1,"3":1},"f":{},"b":{"0":[1,1]},"_coverageSchema":"1a1c01bbd47fc00a2c39e90264f33305004495a9","hash":"29dd6eda7fb7a6fc7625895855e4489f1c57b6ab"}
}
