TN:
SF:src/apps/browsers.ts
FNF:0
FNH:0
DA:2,1
DA:3,1
DA:4,1
DA:70,1
LF:4
LH:4
BRF:0
BRH:0
end_of_record
TN:
SF:src/lib/installer.ts
FN:7,(anonymous_0)
FN:9,(anonymous_1)
FN:17,(anonymous_2)
FN:19,(anonymous_3)
FN:27,(anonymous_4)
FN:29,(anonymous_5)
FN:52,(anonymous_6)
FN:54,(anonymous_7)
FN:64,(anonymous_8)
FN:65,(anonymous_9)
FN:77,(anonymous_10)
FN:84,(anonymous_11)
FNF:12
FNH:8
FNDA:3,(anonymous_0)
FNDA:2,(anonymous_1)
FNDA:1,(anonymous_2)
FNDA:0,(anonymous_3)
FNDA:7,(anonymous_4)
FNDA:1,(anonymous_5)
FNDA:2,(anonymous_6)
FNDA:0,(anonymous_7)
FNDA:1,(anonymous_8)
FNDA:4,(anonymous_9)
FNDA:0,(anonymous_10)
FNDA:0,(anonymous_11)
DA:2,1
DA:3,1
DA:4,1
DA:5,1
DA:6,1
DA:7,3
DA:10,2
DA:11,2
DA:16,1
DA:17,1
DA:20,0
DA:21,0
DA:26,1
DA:27,7
DA:30,1
DA:31,1
DA:32,1
DA:37,0
DA:38,0
DA:40,0
DA:41,0
DA:46,0
DA:51,1
DA:52,2
DA:55,0
DA:56,0
DA:57,0
DA:58,0
DA:59,0
DA:63,1
DA:64,1
DA:65,4
DA:66,1
DA:67,1
DA:68,1
DA:69,1
DA:77,0
DA:78,0
DA:79,0
DA:83,1
DA:84,1
DA:85,0
DA:86,0
DA:89,1
LF:44
LH:27
BRDA:11,0,0,1
BRDA:11,0,1,1
BRDA:11,1,0,2
BRDA:11,1,1,2
BRDA:21,2,0,0
BRDA:21,2,1,0
BRDA:21,3,0,0
BRDA:21,3,1,0
BRDA:32,4,0,0
BRDA:32,4,1,1
BRDA:32,5,0,1
BRDA:32,5,1,1
BRDA:37,6,0,0
BRDA:37,6,1,0
BRDA:41,7,0,0
BRDA:41,7,1,0
BRDA:41,8,0,0
BRDA:41,8,1,0
BRDA:58,9,0,0
BRDA:58,9,1,0
BRDA:58,10,0,0
BRDA:58,10,1,0
BRDA:66,11,0,1
BRDA:66,11,1,0
BRDA:78,12,0,0
BRDA:78,12,1,0
BRF:26
BRH:8
end_of_record
TN:
SF:src/lib/logger.ts
FNF:0
FNH:0
DA:2,1
DA:3,1
DA:4,1
DA:5,1
LF:4
LH:4
BRDA:6,0,0,1
BRDA:6,0,1,1
BRF:2
BRH:2
end_of_record
